<?xml version="1.0" encoding="UTF-8"?>
<robot generator="Robot 3.2.2 (Python 3.9.7 on win32)" generated="20220725 19:10:26.718" rpa="false">
<suite id="s1" name="Robot Assignment" source="C:\Users\P1324386\eclipse-workspace\Robot_Assignment">
<suite id="s1-s1" name="RF brushUp" source="C:\Users\P1324386\eclipse-workspace\Robot_Assignment\RF_brushUp">
<suite id="s1-s1-s1" name="RF brushup" source="C:\Users\P1324386\eclipse-workspace\Robot_Assignment\RF_brushUp\RF_brushup.robot">
<test id="s1-s1-s1-t1" name="TC6_Amazon">
<kw name="Append To Environment Variable" library="OperatingSystem">
<doc>Appends given ``values`` to environment variable ``name``.</doc>
<arguments>
<arg>Path</arg>
<arg>D:\ChromeDriver</arg>
</arguments>
<msg timestamp="20220725 19:10:29.349" level="INFO">Environment variable 'Path' set to value 'C:/Prasad/eclipse//plugins/org.eclipse.justj.openjdk.hotspot.jre.full.win32.x86_64_16.0.1.v20210528-1205/jre/bin/server;C:/Prasad/eclipse//plugins/org.eclipse.justj.openjdk.hotspot.jre.full.win32.x86_64_16.0.1.v20210528-1205/jre/bin;C:\Program Files (x86)\TRICENTIS\Tosca Testsuite\ToscaCommander;;C:\Program Files (x86)\TRICENTIS\Tosca Testsuite\Classic;C:\Program Files (x86)\TRICENTIS\Tosca Testsuite\Classic\dll;C:\Program Files (x86)\TRICENTIS\Tosca Testsuite\Classic\dll\GuptaEngine;C:\Program Files (x86)\TRICENTIS\Tosca Testsuite\ToscaCommander;C:\Program Files (x86)\TRICENTIS\Tosca Testsuite\Classic\dll\DelphiEngine;C:\Program Files (x86)\TRICENTIS\Tosca Testsuite\Classic\dll\PBEngine;C:\Program Files (x86)\TRICENTIS\Tosca Testsuite\Classic\dll\VBEngine;C:\Program Files (x86)\TRICENTIS\Tosca Testsuite\Classic\dll\DotNetHooking;;C:\Program Files\Common Files\Oracle\Java\javapath;C:\WINDOWS\system32;C:\WINDOWS;C:\WINDOWS\System32\Wbem;C:\WINDOWS\System32\WindowsPowerShell\v1.0\;C:\WINDOWS\System32\OpenSSH\;C:\Program Files\Microsoft SQL Server\Client SDK\ODBC\170\Tools\Binn\;C:\Program Files (x86)\Microsoft SQL Server\150\Tools\Binn\;C:\Program Files\Microsoft SQL Server\150\Tools\Binn\;C:\Program Files\Microsoft SQL Server\150\DTS\Binn\;C:\Program Files (x86)\Microsoft SQL Server\150\DTS\Binn\;C:\Program Files\Azure Data Studio\bin;C:\Program Files\dotnet\;C:\Program Files\Java\jdk-11.0.12\bin;C:\Program Files\nodejs\;C:\Python\Scripts;C:\Python\Scripts\;C:\Python\;C:\Users\P1324386\AppData\Local\Microsoft\WindowsApps;;C:\Program Files\Azure Data Studio\bin;C:\Users\P1324386\.dotnet\tools;C:\Users\P1324386\AppData\Roaming\npm;C:\Prasad\eclipse;;D:ChromeDriver'.</msg>
<status status="PASS" starttime="20220725 19:10:29.347" endtime="20220725 19:10:29.349"></status>
</kw>
<kw name="Open Browser" library="SeleniumLibrary">
<doc>Opens a new browser instance to the optional ``url``.</doc>
<arguments>
<arg>url=https://www.amazon.in/Mrutyunjay-Hardbound-Deluxe-Shivaji-Sawant/dp/B07KFKH34V/ref=sr_1_1?crid=20L9I680PY1MB&amp;keywords=Mrutyunjay+Hardbound+Deluxe+Royal+Edition+%28Marathi%29&amp;qid=1658747183&amp;sprefix=%2Caps%2C1536&amp;sr=8-1</arg>
<arg>browser=chrome</arg>
</arguments>
<msg timestamp="20220725 19:10:29.350" level="INFO">Opening browser 'chrome' to base url 'https://www.amazon.in/Mrutyunjay-Hardbound-Deluxe-Shivaji-Sawant/dp/B07KFKH34V/ref=sr_1_1?crid=20L9I680PY1MB&amp;keywords=Mrutyunjay+Hardbound+Deluxe+Royal+Edition+%28Marathi%29&amp;qid=1658747183&amp;sprefix=%2Caps%2C1536&amp;sr=8-1'.</msg>
<status status="PASS" starttime="20220725 19:10:29.349" endtime="20220725 19:10:37.258"></status>
</kw>
<kw name="Maximize Browser Window" library="SeleniumLibrary">
<doc>Maximizes current browser window.</doc>
<status status="PASS" starttime="20220725 19:10:37.259" endtime="20220725 19:10:37.668"></status>
</kw>
<kw name="Sleep" library="BuiltIn">
<doc>Pauses the test executed for the given time.</doc>
<arguments>
<arg>5s</arg>
</arguments>
<msg timestamp="20220725 19:10:42.675" level="INFO">Slept 5 seconds</msg>
<status status="PASS" starttime="20220725 19:10:37.668" endtime="20220725 19:10:42.676"></status>
</kw>
<kw name="Mouse Over" library="SeleniumLibrary">
<doc>Simulates hovering the mouse over the element ``locator``.</doc>
<arguments>
<arg>//span[@id='submit.add-to-cart']</arg>
</arguments>
<msg timestamp="20220725 19:10:42.680" level="INFO">Simulating Mouse Over on element '//span[@id='submit.add-to-cart']'.</msg>
<status status="PASS" starttime="20220725 19:10:42.678" endtime="20220725 19:10:43.159"></status>
</kw>
<kw name="Click Element" library="SeleniumLibrary">
<doc>Click the element identified by ``locator``.</doc>
<arguments>
<arg>//span[@id='submit.add-to-cart']</arg>
</arguments>
<msg timestamp="20220725 19:10:43.161" level="INFO">Clicking element '//span[@id='submit.add-to-cart']'.</msg>
<status status="PASS" starttime="20220725 19:10:43.160" endtime="20220725 19:10:47.305"></status>
</kw>
<status status="PASS" starttime="20220725 19:10:29.346" endtime="20220725 19:10:47.307" critical="yes"></status>
</test>
<doc>This POC is for Brushing up the RF skills and handson on different application</doc>
<status status="PASS" starttime="20220725 19:10:26.866" endtime="20220725 19:10:47.309"></status>
</suite>
<status status="PASS" starttime="20220725 19:10:26.860" endtime="20220725 19:10:47.313"></status>
</suite>
<status status="PASS" starttime="20220725 19:10:26.816" endtime="20220725 19:10:47.317"></status>
</suite>
<statistics>
<total>
<stat pass="1" fail="0">Critical Tests</stat>
<stat pass="1" fail="0">All Tests</stat>
</total>
<tag>
</tag>
<suite>
<stat pass="1" fail="0" id="s1" name="Robot Assignment">Robot Assignment</stat>
<stat pass="1" fail="0" id="s1-s1" name="RF brushUp">Robot Assignment.RF brushUp</stat>
<stat pass="1" fail="0" id="s1-s1-s1" name="RF brushup">Robot Assignment.RF brushUp.RF brushup</stat>
</suite>
</statistics>
<errors>
</errors>
</robot>
